{
  "RSpec": {
    "coverage": {
      "/Users/mjh/dev/projects/Survey2/app/helpers/application_helper.rb": [
        1,
        1,
        0,
        0,
        null,
        null,
        1,
        0,
        null,
        null,
        1,
        0,
        null,
        null,
        1,
        0,
        null,
        null
      ],
      "/Users/mjh/dev/projects/Survey2/app/helpers/comments_helper.rb": [
        1,
        null,
        1,
        0,
        0,
        0,
        null,
        0,
        null,
        0,
        null,
        null
      ],
      "/Users/mjh/dev/projects/Survey2/spec/support/request_spec_helper.rb": [
        1,
        null,
        1,
        null,
        1,
        0,
        0,
        null,
        null,
        1,
        0,
        null,
        null,
        1,
        0,
        null,
        null,
        1,
        null,
        1,
        0,
        null,
        null,
        null
      ],
      "/Users/mjh/dev/projects/Survey2/app/controllers/comments_controller.rb": [
        null,
        1,
        1,
        null,
        1,
        0,
        null,
        null,
        1,
        0,
        0,
        0,
        0,
        0,
        0,
        null,
        null,
        null,
        1,
        0,
        0,
        0,
        0,
        0,
        0,
        0,
        null,
        0,
        0,
        null,
        null,
        null,
        null,
        1,
        0,
        0,
        0,
        0,
        null,
        0,
        0,
        null,
        null,
        null,
        null,
        1,
        0,
        0,
        0,
        0,
        0,
        null,
        null,
        null,
        1,
        null,
        1,
        0,
        null,
        null,
        1,
        0,
        null,
        null,
        null,
        null,
        null,
        null
      ],
      "/Users/mjh/dev/projects/Survey2/app/controllers/application_controller.rb": [
        null,
        1,
        null,
        null,
        1,
        1,
        null,
        1,
        null,
        1,
        0,
        0,
        0,
        null,
        null
      ],
      "/Users/mjh/dev/projects/Survey2/db/seeds.rb": [
        null,
        null,
        null,
        null,
        null,
        null,
        null,
        1,
        1
      ],
      "/Users/mjh/dev/projects/Survey2/app/models/role.rb": [
        1,
        1,
        1,
        null
      ],
      "/Users/mjh/dev/projects/Survey2/app/models/survey.rb": [
        1,
        1,
        1,
        1,
        1,
        1,
        1,
        1,
        null
      ],
      "/Users/mjh/dev/projects/Survey2/app/models/answer.rb": [
        1,
        1,
        null
      ],
      "/Users/mjh/dev/projects/Survey2/app/models/comment.rb": [
        1,
        1,
        1,
        1,
        1,
        1,
        null
      ]
    },
    "timestamp": 1598962397
  }
}
