{
  "RSpec": {
    "coverage": {
      "/Users/mjh/dev/projects/Survey2/app/helpers/application_helper.rb": [
        1,
        1,
        8,
        8,
        null,
        null,
        1,
        0,
        null,
        null,
        1,
        0,
        null,
        null,
        1,
        0,
        null,
        null
      ],
      "/Users/mjh/dev/projects/Survey2/app/helpers/comments_helper.rb": [
        1,
        null,
        1,
        0,
        0,
        0,
        null,
        0,
        null,
        0,
        null,
        null
      ],
      "/Users/mjh/dev/projects/Survey2/spec/support/request_spec_helper.rb": [
        1,
        null,
        1,
        null,
        1,
        2,
        2,
        null,
        null,
        1,
        1,
        null,
        null,
        1,
        1,
        null,
        null,
        1,
        null,
        1,
        2,
        null,
        null,
        null
      ],
      "/Users/mjh/dev/projects/Survey2/app/controllers/comments_controller.rb": [
        null,
        1,
        1,
        null,
        1,
        0,
        null,
        null,
        1,
        0,
        0,
        0,
        0,
        0,
        0,
        null,
        null,
        null,
        1,
        3,
        3,
        3,
        3,
        3,
        6,
        3,
        null,
        0,
        0,
        null,
        null,
        null,
        null,
        1,
        2,
        2,
        4,
        2,
        null,
        0,
        0,
        null,
        null,
        null,
        null,
        1,
        2,
        2,
        2,
        4,
        2,
        null,
        null,
        null,
        1,
        null,
        1,
        4,
        null,
        null,
        1,
        5,
        null,
        null,
        null,
        null,
        null,
        null
      ],
      "/Users/mjh/dev/projects/Survey2/app/controllers/application_controller.rb": [
        null,
        1,
        null,
        null,
        1,
        1,
        null,
        1,
        null,
        1,
        17,
        17,
        17,
        null,
        null
      ],
      "/Users/mjh/dev/projects/Survey2/spec/controllers/preferences_controller_spec.rb": [
        1,
        null,
        1,
        null,
        1,
        1,
        2,
        null,
        1,
        2,
        2,
        2,
        null,
        null,
        2,
        2,
        null,
        null,
        null
      ],
      "/Users/mjh/dev/projects/Survey2/app/controllers/preferences_controller.rb": [
        null,
        1,
        null,
        1,
        2,
        2,
        2,
        4,
        2,
        null,
        0,
        0,
        null,
        null,
        null,
        null,
        1,
        null,
        1,
        2,
        null,
        null,
        null,
        null,
        null,
        null
      ],
      "/Users/mjh/dev/projects/Survey2/spec/controllers/surveys_controller_spec.rb": [
        1,
        null,
        1,
        null,
        1,
        1,
        1,
        1,
        1,
        null,
        null,
        1,
        1,
        1,
        null,
        null,
        null,
        1,
        1,
        1,
        1,
        1,
        1,
        null,
        1,
        1,
        1,
        1,
        1,
        null,
        null,
        null,
        1,
        1,
        1,
        1,
        null,
        1,
        1,
        1,
        null,
        null,
        null,
        1,
        1,
        1,
        1,
        1,
        null,
        1,
        null,
        null,
        null,
        null,
        null,
        null,
        null,
        null,
        1,
        1,
        2,
        null,
        null,
        1,
        1,
        1,
        null,
        1,
        null,
        null,
        null,
        null,
        null,
        null,
        null,
        null,
        1,
        1,
        1,
        1,
        null,
        null,
        null,
        null,
        1,
        1,
        1,
        1,
        null,
        null,
        1,
        1,
        1,
        1,
        1,
        null,
        null,
        null,
        null,
        1,
        1,
        1,
        1,
        1,
        1,
        1,
        1,
        1,
        null,
        null,
        null,
        null,
        null
      ],
      "/Users/mjh/dev/projects/Survey2/app/controllers/surveys_controller.rb": [
        null,
        1,
        1,
        1,
        null,
        1,
        null,
        null,
        2,
        null,
        null,
        1,
        3,
        3,
        4,
        0,
        null,
        null,
        3,
        3,
        null,
        3,
        3,
        4,
        2,
        null,
        2,
        1,
        null,
        null,
        null,
        null,
        1,
        2,
        null,
        null,
        1,
        null,
        null,
        0,
        0,
        null,
        null,
        1,
        0,
        0,
        0,
        null,
        null,
        1,
        3,
        null,
        null,
        1,
        1,
        1,
        1,
        1,
        null,
        null,
        1,
        null,
        1,
        3,
        3,
        0,
        0,
        null,
        0,
        null,
        null,
        null,
        1,
        3,
        null,
        null,
        null,
        null,
        null,
        null,
        null
      ],
      "/Users/mjh/dev/projects/Survey2/spec/features/sign_in_spec.rb": [
        1,
        1,
        null,
        1,
        1,
        8,
        null,
        null,
        1,
        1,
        1,
        1,
        1,
        1,
        null,
        1,
        1,
        null,
        null,
        1,
        1,
        1,
        1,
        1,
        1,
        null,
        1,
        1,
        null,
        null,
        1,
        1,
        1,
        1,
        1,
        1,
        null,
        1,
        1,
        1,
        1,
        null,
        1,
        1,
        null,
        null,
        null,
        1,
        1,
        1,
        1,
        1,
        null,
        1,
        1,
        null,
        null,
        1,
        1,
        1,
        1,
        1,
        null,
        1,
        1,
        null,
        null,
        1,
        1,
        1,
        1,
        1,
        null,
        1,
        1,
        null,
        null,
        1,
        1,
        1,
        1,
        1,
        null,
        1,
        1,
        null,
        null,
        1,
        1,
        1,
        1,
        1,
        null,
        1,
        1,
        null,
        null,
        null,
        null
      ],
      "/Users/mjh/dev/projects/Survey2/spec/models/answer_spec.rb": [
        1,
        null,
        1,
        1,
        2,
        null,
        null
      ],
      "/Users/mjh/dev/projects/Survey2/app/models/answer.rb": [
        1,
        1,
        null
      ],
      "/Users/mjh/dev/projects/Survey2/spec/models/comment_spec.rb": [
        1,
        null,
        1,
        1,
        2,
        2,
        null,
        1,
        2,
        2,
        2,
        null,
        null,
        null
      ],
      "/Users/mjh/dev/projects/Survey2/app/models/comment.rb": [
        1,
        1,
        1,
        1,
        1,
        1,
        null
      ],
      "/Users/mjh/dev/projects/Survey2/spec/models/feedback_spec.rb": [
        1,
        null,
        1,
        1,
        2,
        2,
        null,
        null,
        null
      ],
      "/Users/mjh/dev/projects/Survey2/app/models/feedback.rb": [
        1,
        1,
        1,
        null
      ],
      "/Users/mjh/dev/projects/Survey2/spec/models/preference_spec.rb": [
        1,
        null,
        1,
        1,
        2,
        2,
        null,
        null,
        1,
        1,
        1,
        1,
        null,
        null,
        null,
        null
      ],
      "/Users/mjh/dev/projects/Survey2/app/models/preference.rb": [
        1,
        1,
        1,
        null,
        1,
        19,
        null,
        null
      ],
      "/Users/mjh/dev/projects/Survey2/spec/models/role_spec.rb": [
        1,
        null,
        1,
        1,
        2,
        null,
        1,
        2,
        null,
        null
      ],
      "/Users/mjh/dev/projects/Survey2/app/models/role.rb": [
        1,
        1,
        1,
        null
      ],
      "/Users/mjh/dev/projects/Survey2/spec/models/survey_spec.rb": [
        1,
        null,
        1,
        null,
        1,
        2,
        2,
        2,
        null,
        null,
        null
      ],
      "/Users/mjh/dev/projects/Survey2/app/models/survey.rb": [
        1,
        1,
        1,
        1,
        1,
        1,
        1,
        1,
        null
      ],
      "/Users/mjh/dev/projects/Survey2/spec/models/user_spec.rb": [
        1,
        null,
        1,
        1,
        5,
        2,
        2,
        2,
        2,
        null,
        1,
        2,
        2,
        null,
        1,
        1,
        1,
        1,
        1,
        1,
        null,
        1,
        1,
        null,
        null,
        null
      ],
      "/Users/mjh/dev/projects/Survey2/spec/models/vote_spec.rb": [
        1,
        null,
        1,
        1,
        2,
        2,
        null,
        null
      ],
      "/Users/mjh/dev/projects/Survey2/app/models/vote.rb": [
        1,
        1,
        1,
        null
      ],
      "/Users/mjh/dev/projects/Survey2/spec/requests/sessions_spec.rb": [
        1,
        null,
        1,
        null,
        1,
        1,
        1,
        1,
        1,
        null,
        1,
        1,
        1,
        null,
        null,
        null
      ],
      "/Users/mjh/dev/projects/Survey2/spec/routing/admin_routing_spec.rb": [
        1,
        null,
        1,
        1,
        1,
        1,
        null,
        null,
        null
      ],
      "/Users/mjh/dev/projects/Survey2/app/controllers/admin_controller.rb": [
        1,
        1,
        null,
        1,
        0,
        0,
        0,
        null,
        null,
        1,
        null,
        1,
        0,
        0,
        null,
        null
      ],
      "/Users/mjh/dev/projects/Survey2/spec/routing/surveys_routing_spec.rb": [
        1,
        null,
        1,
        1,
        null,
        1,
        1,
        null,
        null,
        1,
        1,
        null,
        null,
        1,
        1,
        null,
        null,
        1,
        1,
        null,
        null,
        1,
        1,
        null,
        null,
        1,
        1,
        null,
        null,
        1,
        1,
        null,
        null,
        1,
        1,
        null,
        null,
        1,
        1,
        null,
        null,
        1,
        1,
        null,
        null,
        1,
        1,
        null,
        null,
        null,
        null
      ],
      "/Users/mjh/dev/projects/Survey2/db/seeds.rb": [
        null,
        null,
        null,
        null,
        null,
        null,
        null,
        1,
        1
      ],
      "/Users/mjh/dev/projects/Survey2/app/controllers/welcome_controller.rb": [
        null,
        1,
        1,
        null,
        1,
        null,
        null,
        1,
        0,
        0,
        null,
        null,
        1,
        0,
        null,
        null
      ]
    },
    "timestamp": 1598965283
  }
}
